[2025-05-07T12:49:24.743+0000] {manager.py:488} INFO - Processing files using up to 1 processes at a time 
[2025-05-07T12:49:24.746+0000] {manager.py:489} INFO - Process each file at most once every 30 seconds
[2025-05-07T12:49:24.748+0000] {manager.py:490} INFO - Checking for new files in /opt/airflow/dags every 30 seconds
[2025-05-07T12:49:24.749+0000] {manager.py:760} INFO - Searching for files in /opt/airflow/dags
[2025-05-07T12:49:24.807+0000] {manager.py:763} INFO - There are 1 files in /opt/airflow/dags
[2025-05-07T12:49:25.548+0000] {manager.py:888} INFO - 
================================================================================
DAG File Processing Stats

File Path                          PID    Runtime      # DAGs    # Errors  Last Runtime    Last Run
---------------------------------  -----  ---------  --------  ----------  --------------  -------------------
/opt/airflow/dags/etl_pipeline.py                           1           0  0.53s           2025-05-07T12:49:25
================================================================================
[2025-05-07T12:49:53.830+0000] {manager.py:888} INFO - 
================================================================================
DAG File Processing Stats

File Path                          PID    Runtime      # DAGs    # Errors  Last Runtime    Last Run
---------------------------------  -----  ---------  --------  ----------  --------------  -------------------
/opt/airflow/dags/etl_pipeline.py                           1           0  0.53s           2025-05-07T12:49:25
================================================================================
[2025-05-07T12:49:54.995+0000] {manager.py:760} INFO - Searching for files in /opt/airflow/dags
[2025-05-07T12:49:55.050+0000] {manager.py:763} INFO - There are 1 files in /opt/airflow/dags
[2025-05-07T12:50:36.319+0000] {manager.py:760} INFO - Searching for files in /opt/airflow/dags
[2025-05-07T12:50:36.382+0000] {manager.py:763} INFO - There are 1 files in /opt/airflow/dags
[2025-05-07T12:50:36.928+0000] {manager.py:888} INFO - 
================================================================================
DAG File Processing Stats

File Path                          PID    Runtime      # DAGs    # Errors  Last Runtime    Last Run
---------------------------------  -----  ---------  --------  ----------  --------------  -------------------
/opt/airflow/dags/etl_pipeline.py                           1           0  0.43s           2025-05-07T12:50:36
================================================================================
[2025-05-07T12:51:06.435+0000] {manager.py:760} INFO - Searching for files in /opt/airflow/dags
[2025-05-07T12:51:06.489+0000] {manager.py:763} INFO - There are 1 files in /opt/airflow/dags
[2025-05-07T12:51:06.572+0000] {manager.py:888} INFO - 
================================================================================
DAG File Processing Stats

File Path                          PID    Runtime      # DAGs    # Errors  Last Runtime    Last Run
---------------------------------  -----  ---------  --------  ----------  --------------  -------------------
/opt/airflow/dags/etl_pipeline.py                           1           0  0.43s           2025-05-07T12:50:36
================================================================================
[2025-05-07T12:51:52.949+0000] {manager.py:760} INFO - Searching for files in /opt/airflow/dags
[2025-05-07T12:51:53.004+0000] {manager.py:763} INFO - There are 1 files in /opt/airflow/dags
[2025-05-07T12:51:53.654+0000] {manager.py:888} INFO - 
================================================================================
DAG File Processing Stats

File Path                          PID    Runtime      # DAGs    # Errors  Last Runtime    Last Run
---------------------------------  -----  ---------  --------  ----------  --------------  -------------------
/opt/airflow/dags/etl_pipeline.py                           1           0  0.54s           2025-05-07T12:51:53
================================================================================
[2025-05-07T12:52:21.834+0000] {manager.py:888} INFO - 
================================================================================
DAG File Processing Stats

File Path                          PID    Runtime      # DAGs    # Errors  Last Runtime    Last Run
---------------------------------  -----  ---------  --------  ----------  --------------  -------------------
/opt/airflow/dags/etl_pipeline.py                           1           0  0.54s           2025-05-07T12:51:53
================================================================================
[2025-05-07T12:52:23.002+0000] {manager.py:760} INFO - Searching for files in /opt/airflow/dags
[2025-05-07T12:52:23.057+0000] {manager.py:763} INFO - There are 1 files in /opt/airflow/dags
[2025-05-07T12:52:49.924+0000] {manager.py:888} INFO - 
================================================================================
DAG File Processing Stats

File Path                          PID    Runtime      # DAGs    # Errors  Last Runtime    Last Run
---------------------------------  -----  ---------  --------  ----------  --------------  -------------------
/opt/airflow/dags/etl_pipeline.py                           1           0  0.52s           2025-05-07T12:52:24
================================================================================
[2025-05-07T12:52:53.397+0000] {manager.py:760} INFO - Searching for files in /opt/airflow/dags
[2025-05-07T12:52:53.453+0000] {manager.py:763} INFO - There are 1 files in /opt/airflow/dags
[2025-05-07T12:53:18.432+0000] {manager.py:888} INFO - 
================================================================================
DAG File Processing Stats

File Path                          PID    Runtime      # DAGs    # Errors  Last Runtime    Last Run
---------------------------------  -----  ---------  --------  ----------  --------------  -------------------
/opt/airflow/dags/etl_pipeline.py                           1           0  0.45s           2025-05-07T12:52:56
================================================================================
[2025-05-07T12:53:23.681+0000] {manager.py:760} INFO - Searching for files in /opt/airflow/dags
[2025-05-07T12:53:23.729+0000] {manager.py:763} INFO - There are 1 files in /opt/airflow/dags
[2025-05-07T12:53:47.312+0000] {manager.py:888} INFO - 
================================================================================
DAG File Processing Stats

File Path                          PID    Runtime      # DAGs    # Errors  Last Runtime    Last Run
---------------------------------  -----  ---------  --------  ----------  --------------  -------------------
/opt/airflow/dags/etl_pipeline.py                           1           0  0.51s           2025-05-07T12:53:27
================================================================================
[2025-05-07T12:53:54.335+0000] {manager.py:760} INFO - Searching for files in /opt/airflow/dags
[2025-05-07T12:53:54.400+0000] {manager.py:763} INFO - There are 1 files in /opt/airflow/dags
[2025-05-07T12:54:15.986+0000] {manager.py:888} INFO - 
================================================================================
DAG File Processing Stats

File Path                          PID    Runtime      # DAGs    # Errors  Last Runtime    Last Run
---------------------------------  -----  ---------  --------  ----------  --------------  -------------------
/opt/airflow/dags/etl_pipeline.py                           1           0  0.44s           2025-05-07T12:53:57
================================================================================
[2025-05-07T12:54:24.891+0000] {manager.py:760} INFO - Searching for files in /opt/airflow/dags
[2025-05-07T12:54:24.930+0000] {manager.py:763} INFO - There are 1 files in /opt/airflow/dags
[2025-05-07T12:54:44.649+0000] {manager.py:888} INFO - 
================================================================================
DAG File Processing Stats

File Path                          PID    Runtime      # DAGs    # Errors  Last Runtime    Last Run
---------------------------------  -----  ---------  --------  ----------  --------------  -------------------
/opt/airflow/dags/etl_pipeline.py                           1           0  0.42s           2025-05-07T12:54:28
================================================================================
[2025-05-07T12:54:56.518+0000] {manager.py:760} INFO - Searching for files in /opt/airflow/dags
[2025-05-07T12:54:56.569+0000] {manager.py:763} INFO - There are 1 files in /opt/airflow/dags
[2025-05-07T12:55:15.463+0000] {manager.py:888} INFO - 
================================================================================
DAG File Processing Stats

File Path                          PID    Runtime      # DAGs    # Errors  Last Runtime    Last Run
---------------------------------  -----  ---------  --------  ----------  --------------  -------------------
/opt/airflow/dags/etl_pipeline.py                           1           0  0.43s           2025-05-07T12:55:07
================================================================================
[2025-05-07T12:55:43.399+0000] {manager.py:760} INFO - Searching for files in /opt/airflow/dags
[2025-05-07T12:55:43.446+0000] {manager.py:763} INFO - There are 1 files in /opt/airflow/dags
[2025-05-07T12:55:44.121+0000] {manager.py:888} INFO - 
================================================================================
DAG File Processing Stats

File Path                          PID    Runtime      # DAGs    # Errors  Last Runtime    Last Run
---------------------------------  -----  ---------  --------  ----------  --------------  -------------------
/opt/airflow/dags/etl_pipeline.py                           1           0  0.57s           2025-05-07T12:55:44
================================================================================
[2025-05-07T12:56:12.494+0000] {manager.py:888} INFO - 
================================================================================
DAG File Processing Stats

File Path                          PID    Runtime      # DAGs    # Errors  Last Runtime    Last Run
---------------------------------  -----  ---------  --------  ----------  --------------  -------------------
/opt/airflow/dags/etl_pipeline.py                           1           0  0.57s           2025-05-07T12:55:44
================================================================================
[2025-05-07T12:56:13.648+0000] {manager.py:760} INFO - Searching for files in /opt/airflow/dags
[2025-05-07T12:56:13.738+0000] {manager.py:763} INFO - There are 1 files in /opt/airflow/dags
[2025-05-07T12:56:41.152+0000] {manager.py:888} INFO - 
================================================================================
DAG File Processing Stats

File Path                          PID    Runtime      # DAGs    # Errors  Last Runtime    Last Run
---------------------------------  -----  ---------  --------  ----------  --------------  -------------------
/opt/airflow/dags/etl_pipeline.py                           1           0  0.53s           2025-05-07T12:56:15
================================================================================
[2025-05-07T12:56:43.876+0000] {manager.py:760} INFO - Searching for files in /opt/airflow/dags
[2025-05-07T12:56:43.932+0000] {manager.py:763} INFO - There are 1 files in /opt/airflow/dags
[2025-05-07T12:57:09.853+0000] {manager.py:888} INFO - 
================================================================================
DAG File Processing Stats

File Path                          PID    Runtime      # DAGs    # Errors  Last Runtime    Last Run
---------------------------------  -----  ---------  --------  ----------  --------------  -------------------
/opt/airflow/dags/etl_pipeline.py                           1           0  0.52s           2025-05-07T12:56:46
================================================================================
[2025-05-07T12:57:14.454+0000] {manager.py:760} INFO - Searching for files in /opt/airflow/dags
[2025-05-07T12:57:14.502+0000] {manager.py:763} INFO - There are 1 files in /opt/airflow/dags
[2025-05-07T12:57:38.524+0000] {manager.py:888} INFO - 
================================================================================
DAG File Processing Stats

File Path                          PID    Runtime      # DAGs    # Errors  Last Runtime    Last Run
---------------------------------  -----  ---------  --------  ----------  --------------  -------------------
/opt/airflow/dags/etl_pipeline.py                           1           0  0.53s           2025-05-07T12:57:17
================================================================================
[2025-05-07T12:57:44.878+0000] {manager.py:760} INFO - Searching for files in /opt/airflow/dags
[2025-05-07T12:57:44.935+0000] {manager.py:763} INFO - There are 1 files in /opt/airflow/dags
[2025-05-07T12:58:07.189+0000] {manager.py:888} INFO - 
================================================================================
DAG File Processing Stats

File Path                          PID    Runtime      # DAGs    # Errors  Last Runtime    Last Run
---------------------------------  -----  ---------  --------  ----------  --------------  -------------------
/opt/airflow/dags/etl_pipeline.py                           1           0  0.51s           2025-05-07T12:57:49
================================================================================
[2025-05-07T12:58:15.559+0000] {manager.py:760} INFO - Searching for files in /opt/airflow/dags
[2025-05-07T12:58:15.622+0000] {manager.py:763} INFO - There are 1 files in /opt/airflow/dags
[2025-05-07T12:58:35.728+0000] {manager.py:888} INFO - 
================================================================================
DAG File Processing Stats

File Path                          PID    Runtime      # DAGs    # Errors  Last Runtime    Last Run
---------------------------------  -----  ---------  --------  ----------  --------------  -------------------
/opt/airflow/dags/etl_pipeline.py                           1           0  0.52s           2025-05-07T12:58:20
================================================================================
[2025-05-07T12:58:45.878+0000] {manager.py:760} INFO - Searching for files in /opt/airflow/dags
[2025-05-07T12:58:45.919+0000] {manager.py:763} INFO - There are 1 files in /opt/airflow/dags
[2025-05-07T12:59:04.371+0000] {manager.py:888} INFO - 
================================================================================
DAG File Processing Stats

File Path                          PID    Runtime      # DAGs    # Errors  Last Runtime    Last Run
---------------------------------  -----  ---------  --------  ----------  --------------  -------------------
/opt/airflow/dags/etl_pipeline.py                           1           0  0.52s           2025-05-07T12:58:51
================================================================================
[2025-05-07T12:59:16.065+0000] {manager.py:760} INFO - Searching for files in /opt/airflow/dags
[2025-05-07T12:59:16.115+0000] {manager.py:763} INFO - There are 1 files in /opt/airflow/dags
[2025-05-07T12:59:33.441+0000] {manager.py:888} INFO - 
================================================================================
DAG File Processing Stats

File Path                          PID    Runtime      # DAGs    # Errors  Last Runtime    Last Run
---------------------------------  -----  ---------  --------  ----------  --------------  -------------------
/opt/airflow/dags/etl_pipeline.py                           1           0  0.65s           2025-05-07T12:59:22
================================================================================
[2025-05-07T12:59:47.020+0000] {manager.py:760} INFO - Searching for files in /opt/airflow/dags
[2025-05-07T12:59:47.071+0000] {manager.py:763} INFO - There are 1 files in /opt/airflow/dags
[2025-05-07T13:00:09.040+0000] {manager.py:888} INFO - 
================================================================================
DAG File Processing Stats

File Path                          PID    Runtime      # DAGs    # Errors  Last Runtime    Last Run
---------------------------------  -----  ---------  --------  ----------  --------------  -------------------
/opt/airflow/dags/etl_pipeline.py                           1           0  0.43s           2025-05-07T12:59:52
================================================================================
[2025-05-07T13:00:17.055+0000] {manager.py:760} INFO - Searching for files in /opt/airflow/dags
[2025-05-07T13:00:17.103+0000] {manager.py:763} INFO - There are 1 files in /opt/airflow/dags
[2025-05-07T13:00:55.871+0000] {manager.py:760} INFO - Searching for files in /opt/airflow/dags
[2025-05-07T13:00:55.934+0000] {manager.py:763} INFO - There are 1 files in /opt/airflow/dags
[2025-05-07T13:00:56.828+0000] {manager.py:888} INFO - 
================================================================================
DAG File Processing Stats

File Path                          PID    Runtime      # DAGs    # Errors  Last Runtime    Last Run
---------------------------------  -----  ---------  --------  ----------  --------------  -------------------
/opt/airflow/dags/etl_pipeline.py                           1           0  0.73s           2025-05-07T13:00:56
================================================================================
[2025-05-07T13:01:26.117+0000] {manager.py:760} INFO - Searching for files in /opt/airflow/dags
[2025-05-07T13:01:26.168+0000] {manager.py:763} INFO - There are 1 files in /opt/airflow/dags
[2025-05-07T13:01:26.313+0000] {manager.py:888} INFO - 
================================================================================
DAG File Processing Stats

File Path                          PID    Runtime      # DAGs    # Errors  Last Runtime    Last Run
---------------------------------  -----  ---------  --------  ----------  --------------  -------------------
/opt/airflow/dags/etl_pipeline.py                           1           0  0.73s           2025-05-07T13:00:56
================================================================================
[2025-05-07T13:01:55.242+0000] {manager.py:888} INFO - 
================================================================================
DAG File Processing Stats

File Path                          PID    Runtime      # DAGs    # Errors  Last Runtime    Last Run
---------------------------------  -----  ---------  --------  ----------  --------------  -------------------
/opt/airflow/dags/etl_pipeline.py                           1           0  0.53s           2025-05-07T13:01:28
================================================================================
[2025-05-07T13:01:56.493+0000] {manager.py:760} INFO - Searching for files in /opt/airflow/dags
[2025-05-07T13:01:56.557+0000] {manager.py:763} INFO - There are 1 files in /opt/airflow/dags
[2025-05-07T13:02:23.177+0000] {manager.py:888} INFO - 
================================================================================
DAG File Processing Stats

File Path                          PID    Runtime      # DAGs    # Errors  Last Runtime    Last Run
---------------------------------  -----  ---------  --------  ----------  --------------  -------------------
/opt/airflow/dags/etl_pipeline.py                           1           0  0.63s           2025-05-07T13:01:59
================================================================================
[2025-05-07T13:02:26.670+0000] {manager.py:760} INFO - Searching for files in /opt/airflow/dags
[2025-05-07T13:02:26.732+0000] {manager.py:763} INFO - There are 1 files in /opt/airflow/dags
[2025-05-07T13:02:52.087+0000] {manager.py:888} INFO - 
================================================================================
DAG File Processing Stats

File Path                          PID    Runtime      # DAGs    # Errors  Last Runtime    Last Run
---------------------------------  -----  ---------  --------  ----------  --------------  -------------------
/opt/airflow/dags/etl_pipeline.py                           1           0  0.42s           2025-05-07T13:02:31
================================================================================
[2025-05-07T13:02:56.827+0000] {manager.py:760} INFO - Searching for files in /opt/airflow/dags
[2025-05-07T13:02:56.896+0000] {manager.py:763} INFO - There are 1 files in /opt/airflow/dags
[2025-05-07T13:03:20.648+0000] {manager.py:888} INFO - 
================================================================================
DAG File Processing Stats

File Path                          PID    Runtime      # DAGs    # Errors  Last Runtime    Last Run
---------------------------------  -----  ---------  --------  ----------  --------------  -------------------
/opt/airflow/dags/etl_pipeline.py                           1           0  0.53s           2025-05-07T13:03:02
================================================================================
[2025-05-07T13:03:26.912+0000] {manager.py:760} INFO - Searching for files in /opt/airflow/dags
[2025-05-07T13:03:26.963+0000] {manager.py:763} INFO - There are 1 files in /opt/airflow/dags
[2025-05-07T13:03:49.353+0000] {manager.py:888} INFO - 
================================================================================
DAG File Processing Stats

File Path                          PID    Runtime      # DAGs    # Errors  Last Runtime    Last Run
---------------------------------  -----  ---------  --------  ----------  --------------  -------------------
/opt/airflow/dags/etl_pipeline.py                           1           0  0.54s           2025-05-07T13:03:33
================================================================================
[2025-05-07T13:03:57.500+0000] {manager.py:760} INFO - Searching for files in /opt/airflow/dags
[2025-05-07T13:03:57.560+0000] {manager.py:763} INFO - There are 1 files in /opt/airflow/dags
[2025-05-07T13:04:17.844+0000] {manager.py:888} INFO - 
================================================================================
DAG File Processing Stats

File Path                          PID    Runtime      # DAGs    # Errors  Last Runtime    Last Run
---------------------------------  -----  ---------  --------  ----------  --------------  -------------------
/opt/airflow/dags/etl_pipeline.py                           1           0  0.44s           2025-05-07T13:04:04
================================================================================
[2025-05-07T13:04:28.382+0000] {manager.py:760} INFO - Searching for files in /opt/airflow/dags
[2025-05-07T13:04:28.436+0000] {manager.py:763} INFO - There are 1 files in /opt/airflow/dags
[2025-05-07T13:04:46.365+0000] {manager.py:888} INFO - 
================================================================================
DAG File Processing Stats

File Path                          PID    Runtime      # DAGs    # Errors  Last Runtime    Last Run
---------------------------------  -----  ---------  --------  ----------  --------------  -------------------
/opt/airflow/dags/etl_pipeline.py                           1           0  0.44s           2025-05-07T13:04:35
================================================================================
[2025-05-07T13:04:58.875+0000] {manager.py:760} INFO - Searching for files in /opt/airflow/dags
[2025-05-07T13:04:58.926+0000] {manager.py:763} INFO - There are 1 files in /opt/airflow/dags
[2025-05-07T13:05:14.515+0000] {manager.py:888} INFO - 
================================================================================
DAG File Processing Stats

File Path                          PID    Runtime      # DAGs    # Errors  Last Runtime    Last Run
---------------------------------  -----  ---------  --------  ----------  --------------  -------------------
/opt/airflow/dags/etl_pipeline.py                           1           0  0.43s           2025-05-07T13:05:06
================================================================================
[2025-05-07T13:05:29.220+0000] {manager.py:760} INFO - Searching for files in /opt/airflow/dags
[2025-05-07T13:05:29.281+0000] {manager.py:763} INFO - There are 1 files in /opt/airflow/dags
[2025-05-07T13:05:43.712+0000] {manager.py:888} INFO - 
================================================================================
DAG File Processing Stats

File Path                          PID    Runtime      # DAGs    # Errors  Last Runtime    Last Run
---------------------------------  -----  ---------  --------  ----------  --------------  -------------------
/opt/airflow/dags/etl_pipeline.py                           1           0  0.43s           2025-05-07T13:05:37
================================================================================
[2025-05-07T13:05:59.285+0000] {manager.py:760} INFO - Searching for files in /opt/airflow/dags
[2025-05-07T13:05:59.346+0000] {manager.py:763} INFO - There are 1 files in /opt/airflow/dags
[2025-05-07T13:06:11.791+0000] {manager.py:888} INFO - 
================================================================================
DAG File Processing Stats

File Path                          PID    Runtime      # DAGs    # Errors  Last Runtime    Last Run
---------------------------------  -----  ---------  --------  ----------  --------------  -------------------
/opt/airflow/dags/etl_pipeline.py                           1           0  0.52s           2025-05-07T13:06:08
================================================================================
[2025-05-07T13:06:30.081+0000] {manager.py:760} INFO - Searching for files in /opt/airflow/dags
[2025-05-07T13:06:30.125+0000] {manager.py:763} INFO - There are 1 files in /opt/airflow/dags
[2025-05-07T13:06:40.523+0000] {manager.py:888} INFO - 
================================================================================
DAG File Processing Stats

File Path                          PID    Runtime      # DAGs    # Errors  Last Runtime    Last Run
---------------------------------  -----  ---------  --------  ----------  --------------  -------------------
/opt/airflow/dags/etl_pipeline.py                           1           0  0.44s           2025-05-07T13:06:39
================================================================================
[2025-05-07T13:07:00.411+0000] {manager.py:760} INFO - Searching for files in /opt/airflow/dags
[2025-05-07T13:07:00.468+0000] {manager.py:763} INFO - There are 1 files in /opt/airflow/dags
[2025-05-07T13:07:08.826+0000] {manager.py:888} INFO - 
================================================================================
DAG File Processing Stats

File Path                          PID    Runtime      # DAGs    # Errors  Last Runtime    Last Run
---------------------------------  -----  ---------  --------  ----------  --------------  -------------------
/opt/airflow/dags/etl_pipeline.py                           1           0  0.44s           2025-05-07T13:06:39
================================================================================
[2025-05-07T13:07:30.632+0000] {manager.py:760} INFO - Searching for files in /opt/airflow/dags
[2025-05-07T13:07:30.684+0000] {manager.py:763} INFO - There are 1 files in /opt/airflow/dags
[2025-05-07T13:07:37.222+0000] {manager.py:888} INFO - 
================================================================================
DAG File Processing Stats

File Path                          PID    Runtime      # DAGs    # Errors  Last Runtime    Last Run
---------------------------------  -----  ---------  --------  ----------  --------------  -------------------
/opt/airflow/dags/etl_pipeline.py                           1           0  0.43s           2025-05-07T13:07:10
================================================================================
[2025-05-07T13:08:01.322+0000] {manager.py:760} INFO - Searching for files in /opt/airflow/dags
[2025-05-07T13:08:01.379+0000] {manager.py:763} INFO - There are 1 files in /opt/airflow/dags
[2025-05-07T13:08:05.639+0000] {manager.py:888} INFO - 
================================================================================
DAG File Processing Stats

File Path                          PID    Runtime      # DAGs    # Errors  Last Runtime    Last Run
---------------------------------  -----  ---------  --------  ----------  --------------  -------------------
/opt/airflow/dags/etl_pipeline.py                           1           0  0.43s           2025-05-07T13:07:41
================================================================================
[2025-05-07T13:08:31.613+0000] {manager.py:760} INFO - Searching for files in /opt/airflow/dags
[2025-05-07T13:08:31.667+0000] {manager.py:763} INFO - There are 1 files in /opt/airflow/dags
[2025-05-07T13:08:34.380+0000] {manager.py:888} INFO - 
================================================================================
DAG File Processing Stats

File Path                          PID    Runtime      # DAGs    # Errors  Last Runtime    Last Run
---------------------------------  -----  ---------  --------  ----------  --------------  -------------------
/opt/airflow/dags/etl_pipeline.py                           1           0  0.53s           2025-05-07T13:08:11
================================================================================
[2025-05-07T13:09:02.025+0000] {manager.py:760} INFO - Searching for files in /opt/airflow/dags
[2025-05-07T13:09:02.084+0000] {manager.py:763} INFO - There are 1 files in /opt/airflow/dags
[2025-05-07T13:09:03.363+0000] {manager.py:888} INFO - 
================================================================================
DAG File Processing Stats

File Path                          PID    Runtime      # DAGs    # Errors  Last Runtime    Last Run
---------------------------------  -----  ---------  --------  ----------  --------------  -------------------
/opt/airflow/dags/etl_pipeline.py                           1           0  0.43s           2025-05-07T13:08:42
================================================================================
[2025-05-07T13:09:30.252+0000] {manager.py:888} INFO - 
================================================================================
DAG File Processing Stats

File Path                          PID    Runtime      # DAGs    # Errors  Last Runtime    Last Run
---------------------------------  -----  ---------  --------  ----------  --------------  -------------------
/opt/airflow/dags/etl_pipeline.py                           1           0  0.53s           2025-05-07T13:09:14
================================================================================
[2025-05-07T13:09:32.547+0000] {manager.py:760} INFO - Searching for files in /opt/airflow/dags
[2025-05-07T13:09:32.593+0000] {manager.py:763} INFO - There are 1 files in /opt/airflow/dags
[2025-05-07T13:09:59.132+0000] {manager.py:888} INFO - 
================================================================================
DAG File Processing Stats

File Path                          PID    Runtime      # DAGs    # Errors  Last Runtime    Last Run
---------------------------------  -----  ---------  --------  ----------  --------------  -------------------
/opt/airflow/dags/etl_pipeline.py                           1           0  0.53s           2025-05-07T13:09:45
================================================================================
[2025-05-07T13:10:03.156+0000] {manager.py:760} INFO - Searching for files in /opt/airflow/dags
[2025-05-07T13:10:03.206+0000] {manager.py:763} INFO - There are 1 files in /opt/airflow/dags
